{"body":"\r\n","expose":true,"level":"error","message":"ERROR 💥 Unexpected end of JSON input","service":"neurolov-backend","status":400,"statusCode":400,"timestamp":"2024-09-19T18:30:35.084Z","type":"entity.parse.failed"}
{"level":"info","message":"Telegram bot initialized with long polling","service":"neurolov-backend","timestamp":"2024-09-19T19:22:24.583Z"}
{"level":"info","message":"Server running on port 3000","service":"neurolov-backend","timestamp":"2024-09-19T19:22:24.596Z"}
{"level":"info","message":"MongoDB connected successfully","service":"neurolov-backend","timestamp":"2024-09-19T19:22:27.623Z"}
{"level":"info","message":"Received authentication request","service":"neurolov-backend","timestamp":"2024-09-19T19:22:39.492Z"}
{"level":"info","message":"User authenticated successfully: 433026815","service":"neurolov-backend","timestamp":"2024-09-19T19:22:39.679Z"}
{"level":"info","message":"Daily XP claimed: 433026815, XP gained: 100","service":"neurolov-backend","timestamp":"2024-09-19T19:23:20.783Z"}
{"level":"info","message":"Successful tap: 433026815","service":"neurolov-backend","timestamp":"2024-09-19T19:24:04.783Z"}
{"level":"info","message":"GPU upgraded for user: 433026815, New compute power: 5","service":"neurolov-backend","timestamp":"2024-09-19T19:24:28.891Z"}
{"body":"\r\n","expose":true,"level":"error","message":"ERROR 💥 Unexpected end of JSON input","service":"neurolov-backend","status":400,"statusCode":400,"timestamp":"2024-09-19T19:26:55.836Z","type":"entity.parse.failed"}
{"level":"info","message":"Telegram bot initialized with long polling","service":"neurolov-backend","timestamp":"2024-09-19T20:23:31.132Z"}
{"level":"info","message":"Server running on port 3000","service":"neurolov-backend","timestamp":"2024-09-19T20:23:31.145Z"}
{"level":"info","message":"MongoDB connected successfully","service":"neurolov-backend","timestamp":"2024-09-19T20:23:35.528Z"}
{"body":"\r\n","expose":true,"level":"error","message":"ERROR 💥 Unexpected end of JSON input","service":"neurolov-backend","status":400,"statusCode":400,"timestamp":"2024-09-19T20:24:04.359Z","type":"entity.parse.failed"}
{"body":"\r\n","expose":true,"level":"error","message":"ERROR 💥 Unexpected end of JSON input","service":"neurolov-backend","status":400,"statusCode":400,"timestamp":"2024-09-19T20:24:09.375Z","type":"entity.parse.failed"}
{"level":"info","message":"Telegram bot initialized with long polling","service":"neurolov-backend","timestamp":"2024-09-19T20:54:25.100Z"}
{"level":"info","message":"Server running on port 3000","service":"neurolov-backend","timestamp":"2024-09-19T20:54:25.108Z"}
{"level":"info","message":"MongoDB connected successfully","service":"neurolov-backend","timestamp":"2024-09-19T20:54:27.509Z"}
{"level":"info","message":"Received authentication request","service":"neurolov-backend","timestamp":"2024-09-19T20:54:34.833Z"}
{"level":"info","message":"User authenticated successfully: 433026815","service":"neurolov-backend","timestamp":"2024-09-19T20:54:35.003Z"}
{"level":"warn","message":"Attempted to claim XP too soon: 433026815","service":"neurolov-backend","timestamp":"2024-09-19T20:54:41.178Z"}
{"level":"error","message":"Tap error: distributeReferralXP is not defined","service":"neurolov-backend","timestamp":"2024-09-19T20:54:46.423Z"}
{"level":"info","message":"GPU upgraded for user: 433026815, New compute power: 6","service":"neurolov-backend","timestamp":"2024-09-19T20:55:02.751Z"}
{"level":"error","message":"Tap error: distributeReferralXP is not defined","service":"neurolov-backend","timestamp":"2024-09-19T20:59:14.624Z"}
{"level":"info","message":"Telegram bot initialized with long polling","service":"neurolov-backend","timestamp":"2024-09-19T21:00:59.601Z"}
{"level":"info","message":"Server running on port 3000","service":"neurolov-backend","timestamp":"2024-09-19T21:00:59.608Z"}
{"level":"info","message":"MongoDB connected successfully","service":"neurolov-backend","timestamp":"2024-09-19T21:01:01.735Z"}
{"level":"error","message":"Tap error: Leaderboard is not defined","service":"neurolov-backend","timestamp":"2024-09-19T21:01:05.374Z"}
{"level":"error","message":"Tap error: Leaderboard is not defined","service":"neurolov-backend","timestamp":"2024-09-19T21:02:50.290Z"}
{"level":"info","message":"Telegram bot initialized with long polling","service":"neurolov-backend","timestamp":"2024-09-19T21:03:16.474Z"}
{"level":"info","message":"Server running on port 3000","service":"neurolov-backend","timestamp":"2024-09-19T21:03:16.484Z"}
{"level":"info","message":"MongoDB connected successfully","service":"neurolov-backend","timestamp":"2024-09-19T21:03:18.043Z"}
{"level":"info","message":"Successful tap: 433026815","service":"neurolov-backend","timestamp":"2024-09-19T21:04:33.982Z"}
{"body":"\r\n","expose":true,"level":"error","message":"ERROR 💥 Unexpected end of JSON input","service":"neurolov-backend","status":400,"statusCode":400,"timestamp":"2024-09-19T21:04:51.745Z","type":"entity.parse.failed"}
